--------------------------------------------------------------------------------
Tests started: 2017-05-22 07:39:05 +0000
--------------------------------------------------------------------------------
DEBUG_FLAG_TOBEREMOVED.
2017-05-22 15:40:27.024 XCTRunner[54032:1911421] Running tests...
2017-05-22 15:40:30.215 XCTRunner[54032:1911421] Continuing to run tests in the background with task ID 1
Test Suite 'Selected tests' started at 2017-05-22 15:40:30.928
XCTestOutputBarrierTest Suite 'ProjectOfUITestUITests.xctest' started at 2017-05-22 15:40:30.928
XCTestOutputBarrierTest Suite 'ProjectOfUITestUITests' started at 2017-05-22 15:40:30.929
XCTestOutputBarrierTest Case '-[ProjectOfUITestUITests test4]' started.
XCTestOutputBarrier    t =     0.00s     Start Test at 2017-05-22 15:40:30.929
    t =     0.00s     Set Up
    t =     0.01s         Launch com.Lvmama.ProjectOfUITest
    t =     6.79s             Wait for app to idle
    t =     9.78s     Tap "testTextFiled" TextField
    t =     9.78s         Wait for app to idle
    t =    10.02s         Find the "testTextFiled" TextField
    t =    10.02s             Snapshot accessibility hierarchy for com.Lvmama.ProjectOfUITest
    t =    10.08s             Find: Descendants matching type TextField
    t =    10.08s             Find: Elements matching predicate '"testTextFiled" IN identifiers'
    t =    10.19s             Wait for app to idle
    t =    10.36s         Synthesize event
    t =    10.49s         Wait for app to idle
    t =    11.24s     Type 'test4' into "testTextFiled" TextField
    t =    11.24s         Wait for app to idle
    t =    11.51s         Find the "testTextFiled" TextField
    t =    11.51s             Snapshot accessibility hierarchy for com.Lvmama.ProjectOfUITest
    t =    11.61s             Find: Descendants matching type TextField
    t =    11.61s             Find: Elements matching predicate '"testTextFiled" IN identifiers'
    t =    11.72s             Wait for app to idle
    t =    11.93s         Synthesize event
    t =    12.11s         Wait for app to idle
    t =    12.32s     Long press "testTextFiled" TextField
    t =    12.32s         Wait for app to idle
    t =    13.20s         Find the "testTextFiled" TextField
    t =    13.20s             Snapshot accessibility hierarchy for com.Lvmama.ProjectOfUITest
    t =    13.30s             Find: Descendants matching type TextField
    t =    13.30s             Find: Elements matching predicate '"testTextFiled" IN identifiers'
    t =    13.41s             Wait for app to idle
    t =    14.04s         Synthesize event
    t =    74.15s         Wait for app to idle
    t =    74.57s     Tear Down
Test Case '-[ProjectOfUITestUITests test4]' passed (74.777 seconds).
XCTestOutputBarrierTest Suite 'ProjectOfUITestUITests' passed at 2017-05-22 15:41:45.706.
	 Executed 1 test, with 0 failures (0 unexpected) in 74.777 (74.777) seconds
XCTestOutputBarrierTest Suite 'ProjectOfUITestUITests.xctest' passed at 2017-05-22 15:41:45.706.
	 Executed 1 test, with 0 failures (0 unexpected) in 74.777 (74.778) seconds
XCTestOutputBarrierTest Suite 'Selected tests' passed at 2017-05-22 15:41:45.706.
	 Executed 1 test, with 0 failures (0 unexpected) in 74.777 (74.779) seconds
XCTestOutputBarrierXCTestOutputBarrier
BP_APP_PROC_ENDED
--------------------------------------------------------------------------------
Tests started: 2017-05-22 07:44:54 +0000
--------------------------------------------------------------------------------
DEBUG_FLAG_TOBEREMOVED.
2017-05-22 15:45:44.745 XCTRunner[55524:1952619] Running tests...
2017-05-22 15:45:47.578 XCTRunner[55524:1952619] Continuing to run tests in the background with task ID 1
Test Suite 'Selected tests' started at 2017-05-22 15:45:48.343
XCTestOutputBarrierTest Suite 'ProjectOfUITestUITests.xctest' started at 2017-05-22 15:45:48.343
XCTestOutputBarrierTest Suite 'ProjectOfUITestUITests' started at 2017-05-22 15:45:48.343
XCTestOutputBarrierTest Case '-[ProjectOfUITestUITests test4]' started.
XCTestOutputBarrier    t =     0.00s     Start Test at 2017-05-22 15:45:48.344
    t =     0.00s     Set Up
    t =     0.01s         Launch com.Lvmama.ProjectOfUITest
    t =    13.57s             Wait for app to idle
    t =    14.81s     Tap "testTextFiled" TextField
    t =    14.82s         Wait for app to idle
    t =    14.96s         Find the "testTextFiled" TextField
    t =    14.97s             Snapshot accessibility hierarchy for com.Lvmama.ProjectOfUITest
    t =    15.03s             Find: Descendants matching type TextField
    t =    15.03s             Find: Elements matching predicate '"testTextFiled" IN identifiers'
    t =    15.14s             Wait for app to idle
    t =    15.28s         Synthesize event
    t =    15.42s         Wait for app to idle
    t =    17.49s     Type 'test4' into "testTextFiled" TextField
    t =    17.49s         Wait for app to idle
    t =    18.59s         Find the "testTextFiled" TextField
    t =    18.59s             Snapshot accessibility hierarchy for com.Lvmama.ProjectOfUITest
    t =    18.68s             Find: Descendants matching type TextField
    t =    18.68s             Find: Elements matching predicate '"testTextFiled" IN identifiers'
    t =    18.79s             Wait for app to idle
    t =    20.58s         Synthesize event
    t =    20.81s         Wait for app to idle
    t =    21.03s     Long press "testTextFiled" TextField
    t =    21.03s         Wait for app to idle
    t =    21.24s         Find the "testTextFiled" TextField
    t =    21.24s             Snapshot accessibility hierarchy for com.Lvmama.ProjectOfUITest
    t =    21.32s             Find: Descendants matching type TextField
    t =    21.32s             Find: Elements matching predicate '"testTextFiled" IN identifiers'
    t =    21.44s             Wait for app to idle
    t =    21.86s         Synthesize event
    t =    82.17s         Wait for app to idle
    t =    82.48s     Tear Down
Test Case '-[ProjectOfUITestUITests test4]' passed (82.688 seconds).
XCTestOutputBarrierTest Suite 'ProjectOfUITestUITests' passed at 2017-05-22 15:47:11.032.
	 Executed 1 test, with 0 failures (0 unexpected) in 82.688 (82.688) seconds
XCTestOutputBarrierTest Suite 'ProjectOfUITestUITests.xctest' passed at 2017-05-22 15:47:11.032.
	 Executed 1 test, with 0 failures (0 unexpected) in 82.688 (82.689) seconds
XCTestOutputBarrierTest Suite 'Selected tests' passed at 2017-05-22 15:47:11.032.
	 Executed 1 test, with 0 failures (0 unexpected) in 82.688 (82.690) seconds
XCTestOutputBarrier
BP_APP_PROC_ENDED
